2025-09-26 09:59:31,518 - INFO - Starting PyTorch vs ONNX results comparison...
2025-09-26 09:59:31,519 - INFO - Loading PyTorch results...
2025-09-26 09:59:31,519 - INFO - Loading ONNX results...
2025-09-26 09:59:31,521 - INFO - Results loaded successfully
2025-09-26 09:59:31,521 - INFO - Comparing detections between PyTorch and ONNX models...
2025-09-26 09:59:31,522 - INFO - Comparison completed: 4 matches found
2025-09-26 09:59:31,523 - INFO - Creating comparison visualization...
2025-09-26 09:59:34,161 - INFO - Comparison visualization saved to: output/comparison_visualization.png
2025-09-26 09:59:34,161 - INFO - Creating performance comparison...
2025-09-26 09:59:35,228 - INFO - Performance comparison saved to: output/performance_comparison.png
2025-09-26 09:59:35,229 - INFO - Comparison report saved to: output/comparison_report.txt
2025-09-26 09:59:35,229 - INFO - Results comparison completed successfully!
2025-09-26 10:04:13,701 - INFO - Starting PyTorch vs ONNX results comparison...
2025-09-26 10:04:13,701 - INFO - Loading PyTorch results...
2025-09-26 10:04:13,702 - INFO - Loading ONNX results...
2025-09-26 10:04:13,702 - INFO - Results loaded successfully
2025-09-26 10:04:13,702 - INFO - Comparing detections between PyTorch and ONNX models...
2025-09-26 10:04:13,702 - INFO - Comparison completed: 4 matches found
2025-09-26 10:04:13,702 - INFO - Creating comparison visualization...
2025-09-26 10:04:16,535 - INFO - Comparison visualization saved to: output/comparison_visualization.png
2025-09-26 10:04:16,535 - INFO - Creating performance comparison...
2025-09-26 10:04:17,663 - INFO - Performance comparison saved to: output/performance_comparison.png
2025-09-26 10:04:17,663 - INFO - Comparison report saved to: output/comparison_report.txt
2025-09-26 10:04:17,664 - INFO - Results comparison completed successfully!
