2025-09-26 09:53:39,647 - INFO - Starting ONNX YOLO inference...
2025-09-26 09:53:39,648 - INFO - Loading ONNX model from: input/yolo11n.onnx
2025-09-26 09:53:39,848 - INFO - ONNX model loaded successfully
2025-09-26 09:53:39,849 - INFO - Input name: images
2025-09-26 09:53:39,849 - INFO - Input shape: ['batch', 3, 'height', 'width']
2025-09-26 09:53:39,849 - INFO - Output names: ['output0']
2025-09-26 09:53:39,849 - INFO - Output shapes: [['batch', 84, 'anchors']]
2025-09-26 09:53:39,849 - INFO - Running ONNX inference on: input/image-2.png
2025-09-26 09:53:39,869 - INFO - Image preprocessed: (1, 3, 640, 640)
2025-09-26 09:53:40,394 - INFO - ONNX inference completed in 0.5454 seconds
2025-09-26 09:53:40,401 - INFO - Found 38 detections
2025-09-26 09:53:40,403 - INFO - Results saved to: output/onnx_results.txt
2025-09-26 09:53:42,396 - INFO - Visualization saved to: output/onnx_detections.png
2025-09-26 09:53:42,397 - INFO - ONNX inference completed successfully!
2025-09-26 09:55:55,333 - INFO - Starting ONNX YOLO inference...
2025-09-26 09:55:55,333 - INFO - Loading ONNX model from: input/yolo11n.onnx
2025-09-26 09:55:55,529 - INFO - ONNX model loaded successfully
2025-09-26 09:55:55,530 - INFO - Input name: images
2025-09-26 09:55:55,530 - INFO - Input shape: ['batch', 3, 'height', 'width']
2025-09-26 09:55:55,530 - INFO - Output names: ['output0']
2025-09-26 09:55:55,530 - INFO - Output shapes: [['batch', 84, 'anchors']]
2025-09-26 09:55:55,530 - INFO - Running ONNX inference on: input/image-2.png
2025-09-26 09:55:55,548 - INFO - Image preprocessed: (1, 3, 640, 640)
2025-09-26 09:55:56,082 - INFO - ONNX inference completed in 0.5522 seconds
2025-09-26 09:55:56,090 - INFO - Found 38 detections
2025-09-26 09:55:56,095 - INFO - Results saved to: output/onnx_results.txt
2025-09-26 09:55:58,255 - INFO - Visualization saved to: output/onnx_detections.png
2025-09-26 09:55:58,256 - INFO - ONNX inference completed successfully!
2025-09-26 10:03:47,645 - INFO - Starting ONNX YOLO inference...
2025-09-26 10:03:47,646 - INFO - Loading ONNX model from: input/yolo11n.onnx
2025-09-26 10:03:48,246 - INFO - Number of classes: 80
2025-09-26 10:03:48,248 - INFO - Class names: ['person', 'bicycle', 'car', 'motorcycle', 'airplane', 'bus', 'train', 'truck', 'boat', 'traffic light', 'fire hydrant', 'stop sign', 'parking meter', 'bench', 'bird', 'cat', 'dog', 'horse', 'sheep', 'cow', 'elephant', 'bear', 'zebra', 'giraffe', 'backpack', 'umbrella', 'handbag', 'tie', 'suitcase', 'frisbee', 'skis', 'snowboard', 'sports ball', 'kite', 'baseball bat', 'baseball glove', 'skateboard', 'surfboard', 'tennis racket', 'bottle', 'wine glass', 'cup', 'fork', 'knife', 'spoon', 'bowl', 'banana', 'apple', 'sandwich', 'orange', 'broccoli', 'carrot', 'hot dog', 'pizza', 'donut', 'cake', 'chair', 'couch', 'potted plant', 'bed', 'dining table', 'toilet', 'tv', 'laptop', 'mouse', 'remote', 'keyboard', 'cell phone', 'microwave', 'oven', 'toaster', 'sink', 'refrigerator', 'book', 'clock', 'vase', 'scissors', 'teddy bear', 'hair drier', 'toothbrush']
2025-09-26 10:03:48,250 - INFO - ONNX model loaded successfully using Ultralytics
2025-09-26 10:03:48,250 - INFO - Running ONNX inference on: input/image-2.png
2025-09-26 10:03:48,969 - INFO - ONNX inference completed in 0.7182 seconds
2025-09-26 10:03:48,971 - INFO - Found 4 detections
2025-09-26 10:03:48,972 - INFO - Results saved to: output/onnx_results.txt
2025-09-26 10:03:50,989 - INFO - Visualization saved to: output/onnx_detections.png
2025-09-26 10:03:50,990 - INFO - ONNX inference completed successfully!
